<?xml version="1.0" encoding="UTF-8"?>
<!-- Generated by org.testng.reporters.JUnitReportReporter -->
<testsuite skipped="0" hostname="DESKTOP-FGVV9N0" name="com.testng.DataProviderTesting" tests="5" failures="0" timestamp="23 Jun 2020 22:06:09 GMT" time="0.011" errors="0">
  <testcase name="test1" time="0.007" classname="com.testng.DataProviderTesting"/>
  <testcase name="test2" time="0.001" classname="com.testng.DataProviderTesting"/>
  <testcase name="test1" time="0.000" classname="com.testng.DataProviderTesting"/>
  <testcase name="test3" time="0.001" classname="com.testng.DataProviderTesting"/>
  <testcase name="test2" time="0.002" classname="com.testng.DataProviderTesting"/>
</testsuite> <!-- com.testng.DataProviderTesting -->
