<?xml version="1.0" encoding="UTF-8"?>
<!-- Generated by org.testng.reporters.JUnitReportReporter -->
<testsuite skipped="0" hostname="DESKTOP-FGVV9N0" name="com.testng.BasicClass" tests="6" failures="0" timestamp="23 Jun 2020 20:41:36 GMT" time="15.431" errors="0">
  <testcase name="testParameter" time="0.001" classname="com.testng.BasicClass"/>
  <testcase name="setup" time="0.001" classname="com.testng.BasicClass"/>
  <testcase name="setup" time="0.003" classname="com.testng.BasicClass"/>
  <testcase name="setup" time="0.002" classname="com.testng.BasicClass"/>
  <testcase name="testParameter" time="4.351" classname="com.testng.BasicClass"/>
  <testcase name="testParameter" time="11.073" classname="com.testng.BasicClass"/>
</testsuite> <!-- com.testng.BasicClass -->
